{"/home/gabriel/Documents/Programming/AWS CDK/CI-CD/chapter-4-creating-a-full-stack-todo-application-with-react-node-and-aws-cdk/server/src/app.ts": {"path":"/home/gabriel/Documents/Programming/AWS CDK/CI-CD/chapter-4-creating-a-full-stack-todo-application-with-react-node-and-aws-cdk/server/src/app.ts","statementMap":{"0":{"start":{"line":1,"column":0},"end":{"line":1,"column":30}},"1":{"start":{"line":2,"column":0},"end":{"line":2,"column":24}},"2":{"start":{"line":3,"column":0},"end":{"line":3,"column":28}},"3":{"start":{"line":8,"column":0},"end":{"line":8,"column":40}},"4":{"start":{"line":10,"column":0},"end":{"line":10,"column":16}},"5":{"start":{"line":12,"column":18},"end":{"line":83,"column":1}},"6":{"start":{"line":13,"column":14},"end":{"line":13,"column":23}},"7":{"start":{"line":15,"column":2},"end":{"line":15,"column":18}},"8":{"start":{"line":16,"column":2},"end":{"line":16,"column":26}},"9":{"start":{"line":18,"column":2},"end":{"line":60,"column":5}},"10":{"start":{"line":19,"column":4},"end":{"line":59,"column":null}},"11":{"start":{"line":20,"column":62},"end":{"line":20,"column":75}},"12":{"start":{"line":22,"column":18},"end":{"line":35,"column":4}},"13":{"start":{"line":37,"column":23},"end":{"line":37,"column":55}},"14":{"start":{"line":39,"column":27},"end":{"line":39,"column":35}},"15":{"start":{"line":41,"column":6},"end":{"line":41,"column":74}},"16":{"start":{"line":41,"column":21},"end":{"line":41,"column":74}},"17":{"start":{"line":43,"column":25},"end":{"line":48,"column":8}},"18":{"start":{"line":50,"column":6},"end":{"line":52,"column":9}},"19":{"start":{"line":54,"column":6},"end":{"line":54,"column":23}},"20":{"start":{"line":56,"column":6},"end":{"line":58,"column":9}},"21":{"start":{"line":62,"column":2},"end":{"line":76,"column":5}},"22":{"start":{"line":63,"column":4},"end":{"line":75,"column":null}},"23":{"start":{"line":64,"column":18},"end":{"line":64,"column":43}},"24":{"start":{"line":66,"column":23},"end":{"line":66,"column":51}},"25":{"start":{"line":68,"column":6},"end":{"line":68,"column":55}},"26":{"start":{"line":70,"column":6},"end":{"line":70,"column":23}},"27":{"start":{"line":72,"column":6},"end":{"line":74,"column":9}},"28":{"start":{"line":78,"column":2},"end":{"line":80,"column":5}},"29":{"start":{"line":79,"column":4},"end":{"line":79,"column":57}},"30":{"start":{"line":82,"column":2},"end":{"line":82,"column":13}},"31":{"start":{"line":85,"column":0},"end":{"line":85,"column":25}}},"fnMap":{"0":{"name":"(anonymous_1)","decl":{"start":{"line":12,"column":18},"end":{"line":12,"column":21}},"loc":{"start":{"line":12,"column":23},"end":{"line":83,"column":1}}},"1":{"name":"(anonymous_2)","decl":{"start":{"line":18,"column":16},"end":{"line":18,"column":21}},"loc":{"start":{"line":18,"column":35},"end":{"line":60,"column":3}}},"2":{"name":"(anonymous_3)","decl":{"start":{"line":62,"column":15},"end":{"line":62,"column":20}},"loc":{"start":{"line":62,"column":32},"end":{"line":76,"column":3}}},"3":{"name":"(anonymous_4)","decl":{"start":{"line":78,"column":21},"end":{"line":78,"column":26}},"loc":{"start":{"line":78,"column":38},"end":{"line":80,"column":3}}}},"branchMap":{"0":{"loc":{"start":{"line":41,"column":6},"end":{"line":41,"column":74}},"type":"if","locations":[{"start":{"line":41,"column":6},"end":{"line":41,"column":74}}]}},"s":{"0":1,"1":1,"2":1,"3":1,"4":1,"5":1,"6":1,"7":1,"8":1,"9":1,"10":0,"11":0,"12":0,"13":0,"14":0,"15":0,"16":0,"17":0,"18":0,"19":0,"20":0,"21":1,"22":0,"23":0,"24":0,"25":0,"26":0,"27":0,"28":1,"29":1,"30":1,"31":1},"f":{"0":1,"1":0,"2":0,"3":1},"b":{"0":[0]}}
,"/home/gabriel/Documents/Programming/AWS CDK/CI-CD/chapter-4-creating-a-full-stack-todo-application-with-react-node-and-aws-cdk/server/src/connections/index.ts": {"path":"/home/gabriel/Documents/Programming/AWS CDK/CI-CD/chapter-4-creating-a-full-stack-todo-application-with-react-node-and-aws-cdk/server/src/connections/index.ts","statementMap":{"0":{"start":{"line":1,"column":0},"end":{"line":1,"column":36}},"1":{"start":{"line":2,"column":0},"end":{"line":2,"column":null}},"2":{"start":{"line":10,"column":16},"end":{"line":12,"column":2}},"3":{"start":{"line":14,"column":23},"end":{"line":26,"column":1}},"4":{"start":{"line":15,"column":45},"end":{"line":17,"column":4}},"5":{"start":{"line":19,"column":18},"end":{"line":19,"column":51}},"6":{"start":{"line":21,"column":27},"end":{"line":21,"column":54}},"7":{"start":{"line":23,"column":2},"end":{"line":23,"column":62}},"8":{"start":{"line":23,"column":21},"end":{"line":23,"column":62}},"9":{"start":{"line":25,"column":2},"end":{"line":25,"column":34}},"10":{"start":{"line":28,"column":20},"end":{"line":43,"column":1}},"11":{"start":{"line":29,"column":2},"end":{"line":42,"column":20}},"12":{"start":{"line":31,"column":6},"end":{"line":38,"column":9}},"13":{"start":{"line":40,"column":6},"end":{"line":40,"column":18}},"14":{"start":{"line":42,"column":17},"end":{"line":42,"column":18}},"15":{"start":{"line":28,"column":13},"end":{"line":28,"column":20}},"16":{"start":{"line":45,"column":23},"end":{"line":65,"column":1}},"17":{"start":{"line":49,"column":2},"end":{"line":64,"column":null}},"18":{"start":{"line":50,"column":4},"end":{"line":53,"column":8}},"19":{"start":{"line":51,"column":6},"end":{"line":53,"column":8}},"20":{"start":{"line":55,"column":4},"end":{"line":60,"column":7}},"21":{"start":{"line":56,"column":6},"end":{"line":59,"column":9}},"22":{"start":{"line":57,"column":8},"end":{"line":58,"column":30}},"23":{"start":{"line":57,"column":19},"end":{"line":57,"column":43}},"24":{"start":{"line":58,"column":13},"end":{"line":58,"column":30}},"25":{"start":{"line":62,"column":4},"end":{"line":62,"column":64}},"26":{"start":{"line":63,"column":4},"end":{"line":63,"column":53}},"27":{"start":{"line":45,"column":13},"end":{"line":45,"column":23}}},"fnMap":{"0":{"name":"(anonymous_1)","decl":{"start":{"line":14,"column":23},"end":{"line":14,"column":28}},"loc":{"start":{"line":14,"column":50},"end":{"line":26,"column":1}}},"1":{"name":"(anonymous_2)","decl":{"start":{"line":28,"column":20},"end":{"line":28,"column":23}},"loc":{"start":{"line":28,"column":25},"end":{"line":43,"column":1}}},"2":{"name":"(anonymous_3)","decl":{"start":{"line":30,"column":10},"end":{"line":30,"column":11}},"loc":{"start":{"line":30,"column":43},"end":{"line":41,"column":5}}},"3":{"name":"(anonymous_4)","decl":{"start":{"line":42,"column":11},"end":{"line":42,"column":14}},"loc":{"start":{"line":42,"column":17},"end":{"line":42,"column":18}}},"4":{"name":"(anonymous_5)","decl":{"start":{"line":45,"column":23},"end":{"line":45,"column":null}},"loc":{"start":{"line":48,"column":16},"end":{"line":65,"column":1}}},"5":{"name":"(anonymous_6)","decl":{"start":{"line":55,"column":26},"end":{"line":55,"column":27}},"loc":{"start":{"line":55,"column":46},"end":{"line":60,"column":5}}},"6":{"name":"(anonymous_7)","decl":{"start":{"line":56,"column":32},"end":{"line":56,"column":33}},"loc":{"start":{"line":56,"column":51},"end":{"line":59,"column":7}}}},"branchMap":{"0":{"loc":{"start":{"line":23,"column":2},"end":{"line":23,"column":62}},"type":"if","locations":[{"start":{"line":23,"column":2},"end":{"line":23,"column":62}}]},"1":{"loc":{"start":{"line":50,"column":4},"end":{"line":53,"column":8}},"type":"if","locations":[{"start":{"line":50,"column":4},"end":{"line":53,"column":8}}]},"2":{"loc":{"start":{"line":57,"column":8},"end":{"line":58,"column":30}},"type":"if","locations":[{"start":{"line":57,"column":8},"end":{"line":58,"column":30}},{"start":{"line":58,"column":13},"end":{"line":58,"column":30}}]}},"s":{"0":1,"1":1,"2":1,"3":1,"4":0,"5":0,"6":0,"7":0,"8":0,"9":0,"10":1,"11":0,"12":0,"13":0,"14":0,"15":1,"16":1,"17":0,"18":0,"19":0,"20":0,"21":0,"22":0,"23":0,"24":0,"25":0,"26":0,"27":1},"f":{"0":0,"1":0,"2":0,"3":0,"4":0,"5":0,"6":0},"b":{"0":[0],"1":[0],"2":[0,0]}}
}
