TN:
SF:src/app.ts
FN:12,(anonymous_1)
FN:18,(anonymous_2)
FN:62,(anonymous_3)
FN:78,(anonymous_4)
FNF:4
FNH:2
FNDA:1,(anonymous_1)
FNDA:0,(anonymous_2)
FNDA:0,(anonymous_3)
FNDA:1,(anonymous_4)
DA:1,1
DA:2,1
DA:3,1
DA:8,1
DA:10,1
DA:12,1
DA:13,1
DA:15,1
DA:16,1
DA:18,1
DA:19,0
DA:20,0
DA:22,0
DA:37,0
DA:39,0
DA:41,0
DA:43,0
DA:50,0
DA:54,0
DA:56,0
DA:62,1
DA:63,0
DA:64,0
DA:66,0
DA:68,0
DA:70,0
DA:72,0
DA:78,1
DA:79,1
DA:82,1
DA:85,1
LF:31
LH:15
BRDA:41,0,0,0
BRF:1
BRH:0
end_of_record
TN:
SF:src/connections/index.ts
FN:14,(anonymous_1)
FN:28,(anonymous_2)
FN:30,(anonymous_3)
FN:42,(anonymous_4)
FN:45,(anonymous_5)
FN:55,(anonymous_6)
FN:56,(anonymous_7)
FNF:7
FNH:0
FNDA:0,(anonymous_1)
FNDA:0,(anonymous_2)
FNDA:0,(anonymous_3)
FNDA:0,(anonymous_4)
FNDA:0,(anonymous_5)
FNDA:0,(anonymous_6)
FNDA:0,(anonymous_7)
DA:1,1
DA:2,1
DA:10,1
DA:14,1
DA:15,0
DA:19,0
DA:21,0
DA:23,0
DA:25,0
DA:28,1
DA:29,0
DA:31,0
DA:40,0
DA:42,0
DA:45,1
DA:49,0
DA:50,0
DA:51,0
DA:55,0
DA:56,0
DA:57,0
DA:58,0
DA:62,0
DA:63,0
LF:24
LH:6
BRDA:23,0,0,0
BRDA:50,1,0,0
BRDA:57,2,0,0
BRDA:57,2,1,0
BRF:4
BRH:0
end_of_record
